<?xml version="1.0" encoding="UTF-8"?>
<testng-results ignored="0" total="1" passed="1" failed="0" skipped="0">
  <reporter-output>
  </reporter-output>
  <suite started-at="2024-11-27T14:57:51 IST" name="Default suite" finished-at="2024-11-27T14:58:02 IST" duration-ms="10939">
    <groups>
    </groups>
    <test started-at="2024-11-27T14:57:51 IST" name="Default test" finished-at="2024-11-27T14:58:02 IST" duration-ms="10939">
      <class name="hrms.workforcePro.empprojectTest.ProjectTest">
        <test-method signature="createProject()[pri:0, instance:hrms.workforcePro.empprojectTest.ProjectTest@1151e434]" started-at="2024-11-27T14:57:51 IST" name="createProject" finished-at="2024-11-27T14:58:02 IST" duration-ms="10886" status="PASS">
          <reporter-output>
          </reporter-output>
        </test-method> <!-- createProject -->
      </class> <!-- hrms.workforcePro.empprojectTest.ProjectTest -->
    </test> <!-- Default test -->
  </suite> <!-- Default suite -->
</testng-results>
